<?xml version="1.0" encoding="UTF-8"?>
<testng-results ignored="0" total="1" passed="1" failed="0" skipped="0">
  <reporter-output>
  </reporter-output>
  <suite started-at="2023-05-06T07:04:10Z" name="Default suite" finished-at="2023-05-06T07:04:37Z" duration-ms="27167">
    <groups>
    </groups>
    <test started-at="2023-05-06T07:04:10Z" name="Default test" finished-at="2023-05-06T07:04:37Z" duration-ms="27167">
      <class name="com.eComm.app.mobileBrowserTest">
        <test-method is-config="true" signature="configureAppium()[pri:0, instance:com.eComm.app.mobileBrowserTest@4ddbbdf8]" started-at="2023-05-06T07:04:10Z" name="configureAppium" finished-at="2023-05-06T07:04:20Z" duration-ms="10377" status="PASS">
          <reporter-output>
          </reporter-output>
        </test-method> <!-- configureAppium -->
        <test-method is-config="true" signature="startApp()[pri:0, instance:com.eComm.app.mobileBrowserTest@4ddbbdf8]" started-at="2023-05-06T07:04:20Z" name="startApp" finished-at="2023-05-06T07:04:32Z" duration-ms="11799" status="PASS">
          <reporter-output>
          </reporter-output>
        </test-method> <!-- startApp -->
        <test-method signature="MobileBrowserTest()[pri:0, instance:com.eComm.app.mobileBrowserTest@4ddbbdf8]" started-at="2023-05-06T07:04:32Z" name="MobileBrowserTest" finished-at="2023-05-06T07:04:36Z" duration-ms="4348" status="PASS">
          <reporter-output>
          </reporter-output>
        </test-method> <!-- MobileBrowserTest -->
        <test-method is-config="true" signature="returnToHome()[pri:0, instance:com.eComm.app.mobileBrowserTest@4ddbbdf8]" started-at="2023-05-06T07:04:36Z" name="returnToHome" finished-at="2023-05-06T07:04:37Z" duration-ms="547" status="PASS">
          <reporter-output>
          </reporter-output>
        </test-method> <!-- returnToHome -->
        <test-method is-config="true" signature="tearDown()[pri:0, instance:com.eComm.app.mobileBrowserTest@4ddbbdf8]" started-at="2023-05-06T07:04:37Z" name="tearDown" finished-at="2023-05-06T07:04:37Z" duration-ms="64" status="PASS">
          <reporter-output>
          </reporter-output>
        </test-method> <!-- tearDown -->
      </class> <!-- com.eComm.app.mobileBrowserTest -->
    </test> <!-- Default test -->
  </suite> <!-- Default suite -->
</testng-results>
